<?xml version="1.0" encoding="UTF-8"?>
<testsuite name="pages.eBookAppTestSuit.TestLogInAndRegistrationUser" tests="1" skipped="0" failures="0" errors="0" timestamp="2022-08-26T18:08:23" hostname="LAPTOP-KCTPGNVN" time="5.125">
  <properties/>
  <testcase name="shouldNotLogInUserWhenWrongPasswordIsEntered" classname="pages.eBookAppTestSuit.TestLogInAndRegistrationUser" time="5.125"/>
  <system-out><![CDATA[]]></system-out>
  <system-err><![CDATA[Starting ChromeDriver 103.0.5060.53 (a1711811edd74ff1cf2150f36ffa3b0dae40b17f-refs/branch-heads/5060@{#853}) on port 17570
Only local connections are allowed.
Please see https://chromedriver.chromium.org/security-considerations for suggestions on keeping ChromeDriver safe.
ChromeDriver was started successfully.
[1661537306.720][WARNING]: This version of ChromeDriver has not been tested with Chrome version 104.
Aug 26, 2022 8:08:26 PM org.openqa.selenium.remote.ProtocolHandshake createSession
INFO: Detected dialect: W3C
]]></system-err>
</testsuite>
