<?xml version="1.0" encoding="UTF-8"?>
<testsuite name="pages.TitlesCatalogTestSuite" tests="3" skipped="0" failures="0" errors="0" timestamp="2022-08-29T23:17:05" hostname="LAPTOP-KCTPGNVN" time="18.885">
  <properties/>
  <testcase name="shouldRemoveBookFromTitlesCatalog" classname="pages.TitlesCatalogTestSuite" time="7.618"/>
  <testcase name="shouldAddBookToTitlesCatalog" classname="pages.TitlesCatalogTestSuite" time="4.797"/>
  <testcase name="shouldUpdateBookInformation" classname="pages.TitlesCatalogTestSuite" time="6.47"/>
  <system-out><![CDATA[]]></system-out>
  <system-err><![CDATA[Starting ChromeDriver 103.0.5060.53 (a1711811edd74ff1cf2150f36ffa3b0dae40b17f-refs/branch-heads/5060@{#853}) on port 7250
Only local connections are allowed.
Please see https://chromedriver.chromium.org/security-considerations for suggestions on keeping ChromeDriver safe.
ChromeDriver was started successfully.
[1661815028.139][WARNING]: This version of ChromeDriver has not been tested with Chrome version 104.
Aug 30, 2022 1:17:08 AM org.openqa.selenium.remote.ProtocolHandshake createSession
INFO: Detected dialect: W3C
Starting ChromeDriver 103.0.5060.53 (a1711811edd74ff1cf2150f36ffa3b0dae40b17f-refs/branch-heads/5060@{#853}) on port 43784
Only local connections are allowed.
Please see https://chromedriver.chromium.org/security-considerations for suggestions on keeping ChromeDriver safe.
ChromeDriver was started successfully.
[1661815034.655][WARNING]: This version of ChromeDriver has not been tested with Chrome version 104.
Aug 30, 2022 1:17:14 AM org.openqa.selenium.remote.ProtocolHandshake createSession
INFO: Detected dialect: W3C
Starting ChromeDriver 103.0.5060.53 (a1711811edd74ff1cf2150f36ffa3b0dae40b17f-refs/branch-heads/5060@{#853}) on port 22340
Only local connections are allowed.
Please see https://chromedriver.chromium.org/security-considerations for suggestions on keeping ChromeDriver safe.
ChromeDriver was started successfully.
[1661815039.695][WARNING]: This version of ChromeDriver has not been tested with Chrome version 104.
Aug 30, 2022 1:17:19 AM org.openqa.selenium.remote.ProtocolHandshake createSession
INFO: Detected dialect: W3C
]]></system-err>
</testsuite>
