<?xml version="1.0" encoding="UTF-8"?>
<testsuite name="pages.TitlesCatalogTestSuite" tests="1" skipped="0" failures="0" errors="0" timestamp="2022-08-27T23:01:29" hostname="LAPTOP-KCTPGNVN" time="5.811">
  <properties/>
  <testcase name="shouldAddBookToTitlesCatalog" classname="pages.TitlesCatalogTestSuite" time="5.811"/>
  <system-out><![CDATA[]]></system-out>
  <system-err><![CDATA[Starting ChromeDriver 103.0.5060.53 (a1711811edd74ff1cf2150f36ffa3b0dae40b17f-refs/branch-heads/5060@{#853}) on port 29464
Only local connections are allowed.
Please see https://chromedriver.chromium.org/security-considerations for suggestions on keeping ChromeDriver safe.
ChromeDriver was started successfully.
[1661641291.759][WARNING]: This version of ChromeDriver has not been tested with Chrome version 104.
Aug 28, 2022 1:01:31 AM org.openqa.selenium.remote.ProtocolHandshake createSession
INFO: Detected dialect: W3C
]]></system-err>
</testsuite>
