<?xml version="1.0" encoding="UTF-8"?>
<testsuite name="pages.RentsHistioryTestSuite" tests="1" skipped="0" failures="0" errors="0" timestamp="2022-09-06T20:27:45" hostname="LAPTOP-KCTPGNVN" time="11.086">
  <properties/>
  <testcase name="shouldRemoveBookRentFromRentsHistoryCatalog" classname="pages.RentsHistioryTestSuite" time="11.086"/>
  <system-out><![CDATA[]]></system-out>
  <system-err><![CDATA[Starting ChromeDriver 103.0.5060.53 (a1711811edd74ff1cf2150f36ffa3b0dae40b17f-refs/branch-heads/5060@{#853}) on port 19651
Only local connections are allowed.
Please see https://chromedriver.chromium.org/security-considerations for suggestions on keeping ChromeDriver safe.
ChromeDriver was started successfully.
[1662496068.194][WARNING]: This version of ChromeDriver has not been tested with Chrome version 104.
Sep 06, 2022 10:27:48 PM org.openqa.selenium.remote.ProtocolHandshake createSession
INFO: Detected dialect: W3C
]]></system-err>
</testsuite>
