<?xml version="1.0" encoding="UTF-8"?>
<testsuite name="pages.RentsHistoryTestSuite" tests="1" skipped="0" failures="0" errors="0" timestamp="2022-10-04T08:52:41" hostname="LAPTOP-KCTPGNVN" time="16.98">
  <properties/>
  <testcase name="shouldChangeAvailabilityAfterBookCopyRentToNotAvailable" classname="pages.RentsHistoryTestSuite" time="16.98"/>
  <system-out><![CDATA[]]></system-out>
  <system-err><![CDATA[Starting ChromeDriver 106.0.5249.61 (511755355844955cd3e264779baf0dd38212a4d0-refs/branch-heads/5249@{#569}) on port 11495
Only local connections are allowed.
Please see https://chromedriver.chromium.org/security-considerations for suggestions on keeping ChromeDriver safe.
ChromeDriver was started successfully.
Oct 04, 2022 10:52:44 AM org.openqa.selenium.remote.ProtocolHandshake createSession
INFO: Detected dialect: W3C
]]></system-err>
</testsuite>
